<?xml version="1.0" encoding="UTF-8"?>
<testng-results skipped="0" failed="0" ignored="0" total="2" passed="2">
  <reporter-output>
  </reporter-output>
  <suite name="Default suite" duration-ms="226" started-at="2021-08-07T04:00:31Z" finished-at="2021-08-07T04:00:32Z">
    <groups>
    </groups>
    <test name="Default test" duration-ms="226" started-at="2021-08-07T04:00:31Z" finished-at="2021-08-07T04:00:32Z">
      <class name="NewTestAnnotations">
        <test-method status="PASS" signature="beforeSuite()[pri:0, instance:NewTestAnnotations@271053e1]" name="beforeSuite" is-config="true" duration-ms="95" started-at="2021-08-07T04:00:31Z" finished-at="2021-08-07T04:00:31Z">
          <reporter-output>
          </reporter-output>
        </test-method> <!-- beforeSuite -->
        <test-method status="PASS" signature="beforeTest()[pri:0, instance:NewTestAnnotations@271053e1]" name="beforeTest" is-config="true" duration-ms="0" started-at="2021-08-07T04:00:31Z" finished-at="2021-08-07T04:00:31Z">
          <reporter-output>
          </reporter-output>
        </test-method> <!-- beforeTest -->
        <test-method status="PASS" signature="beforeClass()[pri:0, instance:NewTestAnnotations@271053e1]" name="beforeClass" is-config="true" duration-ms="0" started-at="2021-08-07T04:00:31Z" finished-at="2021-08-07T04:00:31Z">
          <reporter-output>
          </reporter-output>
        </test-method> <!-- beforeClass -->
        <test-method status="PASS" signature="f1()[pri:0, instance:NewTestAnnotations@271053e1]" name="f1" duration-ms="42" started-at="2021-08-07T04:00:31Z" finished-at="2021-08-07T04:00:32Z">
          <reporter-output>
          </reporter-output>
        </test-method> <!-- f1 -->
        <test-method status="PASS" signature="beforeMethod()[pri:0, instance:NewTestAnnotations@271053e1]" name="beforeMethod" is-config="true" duration-ms="0" started-at="2021-08-07T04:00:31Z" finished-at="2021-08-07T04:00:31Z">
          <reporter-output>
          </reporter-output>
        </test-method> <!-- beforeMethod -->
        <test-method status="PASS" signature="afterMethod()[pri:0, instance:NewTestAnnotations@271053e1]" name="afterMethod" is-config="true" duration-ms="1" started-at="2021-08-07T04:00:32Z" finished-at="2021-08-07T04:00:32Z">
          <reporter-output>
          </reporter-output>
        </test-method> <!-- afterMethod -->
        <test-method status="PASS" signature="beforeMethod()[pri:0, instance:NewTestAnnotations@271053e1]" name="beforeMethod" is-config="true" duration-ms="1" started-at="2021-08-07T04:00:32Z" finished-at="2021-08-07T04:00:32Z">
          <reporter-output>
          </reporter-output>
        </test-method> <!-- beforeMethod -->
        <test-method status="PASS" signature="f2()[pri:0, instance:NewTestAnnotations@271053e1]" name="f2" duration-ms="3" started-at="2021-08-07T04:00:32Z" finished-at="2021-08-07T04:00:32Z">
          <reporter-output>
          </reporter-output>
        </test-method> <!-- f2 -->
        <test-method status="PASS" signature="afterMethod()[pri:0, instance:NewTestAnnotations@271053e1]" name="afterMethod" is-config="true" duration-ms="2" started-at="2021-08-07T04:00:32Z" finished-at="2021-08-07T04:00:32Z">
          <reporter-output>
          </reporter-output>
        </test-method> <!-- afterMethod -->
        <test-method status="PASS" signature="afterClass()[pri:0, instance:NewTestAnnotations@271053e1]" name="afterClass" is-config="true" duration-ms="1" started-at="2021-08-07T04:00:32Z" finished-at="2021-08-07T04:00:32Z">
          <reporter-output>
          </reporter-output>
        </test-method> <!-- afterClass -->
        <test-method status="PASS" signature="afterTest()[pri:0, instance:NewTestAnnotations@271053e1]" name="afterTest" is-config="true" duration-ms="2" started-at="2021-08-07T04:00:32Z" finished-at="2021-08-07T04:00:32Z">
          <reporter-output>
          </reporter-output>
        </test-method> <!-- afterTest -->
        <test-method status="PASS" signature="afterSuite()[pri:0, instance:NewTestAnnotations@271053e1]" name="afterSuite" is-config="true" duration-ms="0" started-at="2021-08-07T04:00:32Z" finished-at="2021-08-07T04:00:32Z">
          <reporter-output>
          </reporter-output>
        </test-method> <!-- afterSuite -->
      </class> <!-- NewTestAnnotations -->
    </test> <!-- Default test -->
  </suite> <!-- Default suite -->
</testng-results>
